FptrServiceAndroid/build/outputs/logs/manifest-merger-debug-report.txt
-- Merging decision tree log ---
manifest
ADDED from OrderKKT\FptrServiceAndroid\AndroidManifest.xml:1:1-12:12
INJECTED from OrderKKT\FptrServiceAndroid\AndroidManifest.xml:1:1-12:12
INJECTED from OrderKKT\FptrServiceAndroid\AndroidManifest.xml:1:1-12:12
INJECTED from OrderKKT\FptrServiceAndroid\AndroidManifest.xml:1:1-12:12
INJECTED from OrderKKT\FptrServiceAndroid\AndroidManifest.xml:1:1-12:12
INJECTED from OrderKKT\FptrServiceAndroid\AndroidManifest.xml:1:1-12:12
INJECTED from OrderKKT\FptrServiceAndroid\AndroidManifest.xml:1:1-12:12
	package
		ADDED from OrderKKT\FptrServiceAndroid\AndroidManifest.xml:2:5-39
		INJECTED from OrderKKT\FptrServiceAndroid\AndroidManifest.xml
		INJECTED from OrderKKT\FptrServiceAndroid\AndroidManifest.xml
	android:versionName
		INJECTED from OrderKKT\FptrServiceAndroid\AndroidManifest.xml
		ADDED from OrderKKT\FptrServiceAndroid\AndroidManifest.xml:1:1-12:12
		INJECTED from OrderKKT\FptrServiceAndroid\AndroidManifest.xml
	android:versionCode
		INJECTED from OrderKKT\FptrServiceAndroid\AndroidManifest.xml
		ADDED from OrderKKT\FptrServiceAndroid\AndroidManifest.xml:1:1-12:12
		INJECTED from OrderKKT\FptrServiceAndroid\AndroidManifest.xml
	xmlns:android
		ADDED from OrderKKT\FptrServiceAndroid\AndroidManifest.xml:1:11-69
uses-permission#android.permission.BLUETOOTH
ADDED from OrderKKT\FptrServiceAndroid\AndroidManifest.xml:4:5-67
	android:name
		ADDED from OrderKKT\FptrServiceAndroid\AndroidManifest.xml:4:22-65
uses-permission#android.permission.BLUETOOTH_ADMIN
ADDED from OrderKKT\FptrServiceAndroid\AndroidManifest.xml:5:5-73
	android:name
		ADDED from OrderKKT\FptrServiceAndroid\AndroidManifest.xml:5:22-71
uses-permission#android.permission.BLUETOOTH_PRIVILEGED
ADDED from OrderKKT\FptrServiceAndroid\AndroidManifest.xml:6:5-78
	android:name
		ADDED from OrderKKT\FptrServiceAndroid\AndroidManifest.xml:6:22-76
uses-permission#android.permission.READ_EXTERNAL_STORAGE
ADDED from OrderKKT\FptrServiceAndroid\AndroidManifest.xml:7:5-79
	android:name
		ADDED from OrderKKT\FptrServiceAndroid\AndroidManifest.xml:7:22-77
uses-permission#android.permission.WRITE_EXTERNAL_STORAGE
ADDED from OrderKKT\FptrServiceAndroid\AndroidManifest.xml:8:5-80
	android:name
		ADDED from OrderKKT\FptrServiceAndroid\AndroidManifest.xml:8:22-78
uses-feature#android.hardware.usb.accessory
ADDED from OrderKKT\FptrServiceAndroid\AndroidManifest.xml:10:5-92
	android:required
		ADDED from OrderKKT\FptrServiceAndroid\AndroidManifest.xml:10:65-89
	android:name
		ADDED from OrderKKT\FptrServiceAndroid\AndroidManifest.xml:10:19-64
uses-feature#android.hardware.usb.host
ADDED from OrderKKT\FptrServiceAndroid\AndroidManifest.xml:11:5-87
	android:required
		ADDED from OrderKKT\FptrServiceAndroid\AndroidManifest.xml:11:60-84
	android:name
		ADDED from OrderKKT\FptrServiceAndroid\AndroidManifest.xml:11:19-59
uses-sdk
INJECTED from OrderKKT\FptrServiceAndroid\AndroidManifest.xml reason: use-sdk injection requested
INJECTED from OrderKKT\FptrServiceAndroid\AndroidManifest.xml
INJECTED from OrderKKT\FptrServiceAndroid\AndroidManifest.xml
INJECTED from OrderKKT\FptrServiceAndroid\AndroidManifest.xml
INJECTED from OrderKKT\FptrServiceAndroid\AndroidManifest.xml
	android:targetSdkVersion
		INJECTED from OrderKKT\FptrServiceAndroid\AndroidManifest.xml
		ADDED from OrderKKT\FptrServiceAndroid\AndroidManifest.xml
		INJECTED from OrderKKT\FptrServiceAndroid\AndroidManifest.xml
	android:minSdkVersion
		INJECTED from OrderKKT\FptrServiceAndroid\AndroidManifest.xml
		ADDED from OrderKKT\FptrServiceAndroid\AndroidManifest.xml
		INJECTED from OrderKKT\FptrServiceAndroid\AndroidManifest.xml